Arguments: 
  C:\Program Files\nodejs\node.exe C:\Program Files (x86)\Yarn\bin\yarn.js add redux-persistyarn add @react-native-async-storage/async-storage

PATH: 
  C:\Program Files\Common Files\Oracle\Java\javapath;C:\Windows\system32;C:\Windows;C:\Windows\System32\Wbem;C:\Windows\System32\WindowsPowerShell\v1.0\;C:\Windows\System32\OpenSSH\;C:\Program Files (x86)\NVIDIA Corporation\PhysX\Common;C:\Program Files\NVIDIA Corporation\NVIDIA NvDLISR;C:\Program Files\Go\bin;C:\WINDOWS\system32;C:\WINDOWS;C:\WINDOWS\System32\Wbem;C:\WINDOWS\System32\WindowsPowerShell\v1.0\;C:\WINDOWS\System32\OpenSSH\;C:\Users\syeda\AppData\Local\Microsoft\WindowsApps;C:\Users\syeda\AppData\Local\Programs\Microsoft VS Code\bin;C:\Users\syeda\AppData\Local\Programs\Hyper\resources\bin;C:\Users\syeda\AppData\Roaming\npm;C:\Users\syeda\go\bin;C:\flutter\bin;C:\adb;C:\Program Files\Git\cmd;C:\Program Files (x86)\Yarn\bin\;C:\ProgramData\chocolatey\bin;C:\Program Files\nodejs\;C:\Program Files\OpenJDK\openjdk-11.0.14.1_1\bin;C:\Users\syeda\AppData\Local\Microsoft\WindowsApps;C:\Users\syeda\AppData\Local\Programs\Hyper\resources\bin;C:\Users\syeda\go\bin;C:\flutter\bin;C:\Users\syeda\AppData\Local\Yarn\bin;C:\Users\syeda\AppData\Roaming\npm;C:\Users\syeda\AppData\Local\Programs\Microsoft VS Code\bin;C:\Users\syeda\AppData\Local\Android\Sdk\platform-tools;

Yarn version: 
  1.22.4

Node version: 
  16.14.2

Platform: 
  win32 x64

Trace: 
  Error: https://registry.yarnpkg.com/redux-persistyarn: Not found
      at Request.params.callback [as _callback] (C:\Program Files (x86)\Yarn\lib\cli.js:66096:18)
      at Request.self.callback (C:\Program Files (x86)\Yarn\lib\cli.js:140748:22)
      at Request.emit (node:events:526:28)
      at Request.<anonymous> (C:\Program Files (x86)\Yarn\lib\cli.js:141720:10)
      at Request.emit (node:events:526:28)
      at IncomingMessage.<anonymous> (C:\Program Files (x86)\Yarn\lib\cli.js:141642:12)
      at Object.onceWrapper (node:events:645:28)
      at IncomingMessage.emit (node:events:538:35)
      at endReadableNT (node:internal/streams/readable:1345:12)
      at processTicksAndRejections (node:internal/process/task_queues:83:21)

npm manifest: 
  {
    "name": "worketzy",
    "version": "1.0.0",
    "main": "node_modules/expo/AppEntry.js",
    "scripts": {
      "start": "expo start",
      "android": "expo start --android",
      "ios": "expo start --ios",
      "web": "expo start --web",
      "eject": "expo eject"
    },
    "dependencies": {
      "@react-native-async-storage/async-storage": "~1.15.0",
      "@react-native-community/masked-view": "^0.1.11",
      "@react-navigation/bottom-tabs": "^6.3.1",
      "@react-navigation/material-bottom-tabs": "^6.2.1",
      "@react-navigation/native": "^6.0.10",
      "@react-navigation/native-stack": "^6.6.2",
      "expo": "~44.0.0",
      "expo-firebase-recaptcha": "^2.1.0",
      "expo-image-picker": "~12.0.1",
      "expo-status-bar": "~1.2.0",
      "firebase": "7.9.0",
      "formik": "^2.2.9",
      "react": "17.0.1",
      "react-dom": "17.0.1",
      "react-native": "0.64.3",
      "react-native-gesture-handler": "~2.1.0",
      "react-native-paper": "^4.12.1",
      "react-native-reanimated": "~2.3.1",
      "react-native-safe-area-context": "3.3.2",
      "react-native-screens": "~3.10.1",
      "react-native-web": "0.17.1",
      "react-native-webview": "11.15.0",
      "yup": "^0.32.11"
    },
    "devDependencies": {
      "@babel/core": "^7.12.9"
    },
    "private": true
  }

yarn manifest: 
  No manifest

Lockfile: 
  No lockfile
